GET / HTTP/1.1
User-Agent: PostmanRuntime/7.39.0
Accept: */*
Postman-Token: b9157c6e-7dc6-47fd-8e26-6b862a37de96
Host: localhost:8000
Accept-Encoding: gzip, deflate, br
Connection: keep-alive


---
GET / HTTP/1.1
User-Agent: PostmanRuntime/7.39.0
Accept: */*
Postman-Token: 4e901481-215b-42ca-aa51-0aadfca5d488
Host: localhost:8000
Accept-Encoding: gzip, deflate, br
Connection: keep-alive


---
GET / HTTP/1.1
User-Agent: PostmanRuntime/7.39.0
Accept: */*
Postman-Token: 49eef68e-35b4-435d-9918-012d00c0154d
Host: localhost:8000
Accept-Encoding: gzip, deflate, br
Connection: keep-alive


---
GET / HTTP/1.1
User-Agent: PostmanRuntime/7.39.0
Accept: */*
Postman-Token: ea3af401-13d8-49dc-b09a-3420d473baf7
Host: localhost:8000
Accept-Encoding: gzip, deflate, br
Connection: keep-alive


---
GET / HTTP/1.1
User-Agent: PostmanRuntime/7.39.0
Accept: */*
Postman-Token: 2e035c75-835b-4cb8-87d4-d6c1bae81414
Host: localhost:8000
Accept-Encoding: gzip, deflate, br
Connection: keep-alive


---
GET / HTTP/1.1
User-Agent: PostmanRuntime/7.39.0
Accept: */*
Postman-Token: 8f31ccee-a340-462a-ad81-113889d6ca40
Host: localhost:8000
Accept-Encoding: gzip, deflate, br
Connection: keep-alive


---
GET /?random_key=some_value HTTP/1.1
User-Agent: PostmanRuntime/7.39.0
Accept: */*
Postman-Token: 14fadfc2-edc2-40af-a699-7e70bbcd493b
Host: localhost:8000
Accept-Encoding: gzip, deflate, br
Connection: keep-alive


---------------------------
GET /?random_key=some_value HTTP/1.1
User-Agent: PostmanRuntime/7.39.0
Accept: */*
Postman-Token: 270803c3-4d05-4321-a308-785963801b30
Host: localhost:8000
Accept-Encoding: gzip, deflate, br
Connection: keep-alive


---------------------------
GET /?random_key=some_value HTTP/1.1
User-Agent: PostmanRuntime/7.39.0
Accept: */*
Postman-Token: 1c54575c-8d16-447b-9c4e-c974354f4a1f
Host: localhost:8000
Accept-Encoding: gzip, deflate, br
Connection: keep-alive


---------------------------
GET /?random_key=some_value HTTP/1.1
User-Agent: PostmanRuntime/7.39.0
Accept: */*
Postman-Token: 2d2267cf-f5f6-4947-b9c0-d4f67a3c1f30
Host: localhost:8000
Accept-Encoding: gzip, deflate, br
Connection: keep-alive


---------------------------
GET /?random_key=some_value HTTP/1.1
User-Agent: PostmanRuntime/7.39.0
Accept: */*
Postman-Token: ae85a4a2-b62b-409e-944e-598c5868dd49
Host: localhost:8000
Accept-Encoding: gzip, deflate, br
Connection: keep-alive


---------------------------
GET /?random_key=some_value HTTP/1.1
User-Agent: PostmanRuntime/7.39.0
Accept: */*
Postman-Token: af98560b-2220-4ce4-8664-ef158101e628
Host: localhost:8000
Accept-Encoding: gzip, deflate, br
Connection: keep-alive


---------------------------
GET /?random_key=some_value HTTP/1.1
User-Agent: PostmanRuntime/7.39.0
Accept: */*
Postman-Token: 65d432ed-bed4-4691-ba98-ae40018b8daa
Host: localhost:8000
Accept-Encoding: gzip, deflate, br
Connection: keep-alive


---------------------------
GET /?random_key=some_value HTTP/1.1
User-Agent: PostmanRuntime/7.39.0
Accept: */*
Postman-Token: db48eac1-cf58-412f-a285-bd4bd3bd532c
Host: localhost:8000
Accept-Encoding: gzip, deflate, br
Connection: keep-alive


---------------------------
GET /?random_key=some_value HTTP/1.1
User-Agent: PostmanRuntime/7.39.0
Accept: */*
Postman-Token: 729836c2-a42b-43ed-82b4-1745194972c8
Host: localhost:8000
Accept-Encoding: gzip, deflate, br
Connection: keep-alive


---------------------------
GET /?random_key=some_value HTTP/1.1
Content-Type: text/plain
User-Agent: PostmanRuntime/7.39.0
Accept: */*
Postman-Token: 90419f64-2dbf-4263-ac30-b06d16e35bef
Host: localhost:8000
Accept-Encoding: gzip, deflate, br
Connection: keep-alive
Content-Length: 45

{
    "key": "value",
    "key1": "value1"
}

---------------------------
GET /?random_key=some_value HTTP/1.1
Content-Type: text/plain
User-Agent: PostmanRuntime/7.39.0
Accept: */*
Postman-Token: 122d688e-7ee6-4ec6-aafe-f955394be7cb
Host: localhost:8000
Accept-Encoding: gzip, deflate, br
Connection: keep-alive
Content-Length: 45

{
    "key": "value",
    "key1": "value1"
}

---------------------------
GET /?random_key=some_value HTTP/1.1
Content-Type: text/plain
User-Agent: PostmanRuntime/7.39.0
Accept: */*
Postman-Token: 1125810c-6baf-48a7-8c06-dbb85ee5eeee
Host: localhost:8000
Accept-Encoding: gzip, deflate, br
Connection: keep-alive
Content-Length: 45

{
    "key": "value",
    "key1": "value1"
}

---------------------------
GET /?random_key=some_value HTTP/1.1
Content-Type: text/plain
User-Agent: PostmanRuntime/7.39.0
Accept: */*
Postman-Token: 743ffdf7-ad93-47e5-a1c2-e075ff257d7a
Host: localhost:8000
Accept-Encoding: gzip, deflate, br
Connection: keep-alive
Content-Length: 45

{
    "key": "value",
    "key1": "value1"
}

---------------------------
GET /?random_key=some_value HTTP/1.1
Content-Type: text/plain
User-Agent: PostmanRuntime/7.39.0
Accept: */*
Postman-Token: 684bafcf-5c36-4f0e-8981-57c0cbb28992
Host: localhost:8000
Accept-Encoding: gzip, deflate, br
Connection: keep-alive
Content-Length: 67

{
    "key": "value",
    "key1": "value1",
    "key2": "value2"
}

---------------------------
GET /?random_key=some_value HTTP/1.1
Content-Type: text/plain
User-Agent: PostmanRuntime/7.39.0
Accept: */*
Postman-Token: b9d5a3b0-4418-4053-9e16-1949444a9309
Host: localhost:8000
Accept-Encoding: gzip, deflate, br
Connection: keep-alive
Content-Length: 67

{
    "key": "value",
    "key1": "value1",
    "key2": "value2"
}

---------------------------
GET /?random_key=some_value HTTP/1.1
User-Agent: PostmanRuntime/7.39.0
Accept: */*
Postman-Token: f5a6cd5a-bb8d-4a04-a065-3133aa98b6a3
Host: localhost:8000
Accept-Encoding: gzip, deflate, br
Connection: keep-alive
Content-Type: multipart/form-data; boundary=--------------------------088329368616263751920392
Content-Length: 173

----------------------------088329368616263751920392
Content-Disposition: form-data; name="form_key"

form_value
----------------------------088329368616263751920392--

---------------------------
GET /?random_key=some_value HTTP/1.1
User-Agent: PostmanRuntime/7.39.0
Accept: */*
Postman-Token: 5ae59d82-ff07-451d-a37e-d7416e379b77
Host: localhost:8000
Accept-Encoding: gzip, deflate, br
Connection: keep-alive
Content-Type: multipart/form-data; boundary=--------------------------168899377226072768653050
Content-Length: 173

----------------------------168899377226072768653050
Content-Disposition: form-data; name="form_key"

form_value
----------------------------168899377226072768653050--

---------------------------
GET /?random_key=some_value HTTP/1.1
User-Agent: PostmanRuntime/7.39.0
Accept: */*
Postman-Token: f1ccf7aa-56fd-4163-9f23-01e2fab8b0d9
Host: localhost:8000
Accept-Encoding: gzip, deflate, br
Connection: keep-alive
Content-Type: multipart/form-data; boundary=--------------------------555760514781748122738839
Content-Length: 173

----------------------------555760514781748122738839
Content-Disposition: form-data; name="form_key"

form_value
----------------------------555760514781748122738839--

---------------------------
GET /?random_key=some_value HTTP/1.1
User-Agent: PostmanRuntime/7.39.0
Accept: */*
Postman-Token: d0582a7a-f085-466a-953e-6667e043ed05
Host: localhost:8000
Accept-Encoding: gzip, deflate, br
Connection: keep-alive
Content-Type: multipart/form-data; boundary=--------------------------436909069797069741904444
Content-Length: 173

----------------------------436909069797069741904444
Content-Disposition: form-data; name="form_key"

form_value
----------------------------436909069797069741904444--

---------------------------
GET /?random_key=some_value HTTP/1.1
User-Agent: PostmanRuntime/7.39.0
Accept: */*
Postman-Token: 748554b5-559e-4296-bf47-5003d74fb501
Host: localhost:8000
Accept-Encoding: gzip, deflate, br
Connection: keep-alive
Content-Type: multipart/form-data; boundary=--------------------------387596123528480737978967
Content-Length: 173

----------------------------387596123528480737978967
Content-Disposition: form-data; name="form_key"

form_value
----------------------------387596123528480737978967--

---------------------------
GET /?random_key=some_value HTTP/1.1
User-Agent: PostmanRuntime/7.39.0
Accept: */*
Postman-Token: fe92e2b5-3a58-42a5-bca1-c1858ba5c00f
Host: localhost:8000
Accept-Encoding: gzip, deflate, br
Connection: keep-alive
Content-Type: multipart/form-data; boundary=--------------------------774968575409474392070897
Content-Length: 292

----------------------------774968575409474392070897
Content-Disposition: form-data; name="form_key"

form_value
----------------------------774968575409474392070897
Content-Disposition: form-data; name="form_key2"

form_value2
----------------------------774968575409474392070897--

---------------------------
GET /?random_key=some_value HTTP/1.1
User-Agent: PostmanRuntime/7.39.0
Accept: */*
Postman-Token: a3919265-89b1-4a79-ac64-3503173bbee6
Host: localhost:8000
Accept-Encoding: gzip, deflate, br
Connection: keep-alive
Content-Type: multipart/form-data; boundary=--------------------------903464740247834493959429
Content-Length: 292

----------------------------903464740247834493959429
Content-Disposition: form-data; name="form_key"

form_value
----------------------------903464740247834493959429
Content-Disposition: form-data; name="form_key2"

form_value2
----------------------------903464740247834493959429--

---------------------------
GET /?random_key=some_value HTTP/1.1
User-Agent: PostmanRuntime/7.39.0
Accept: */*
Postman-Token: 4802f7c2-6a54-4bde-b21b-d8c4eb950ac5
Host: localhost:8000
Accept-Encoding: gzip, deflate, br
Connection: keep-alive
Content-Type: multipart/form-data; boundary=--------------------------892220610140298536078377
Content-Length: 292

----------------------------892220610140298536078377
Content-Disposition: form-data; name="form_key"

form_value
----------------------------892220610140298536078377
Content-Disposition: form-data; name="form_key2"

form_value2
----------------------------892220610140298536078377--

---------------------------
GET /?random_key=some_value HTTP/1.1
User-Agent: PostmanRuntime/7.39.0
Accept: */*
Postman-Token: a10b9cc2-6e98-4644-9f9f-ff3075ac23fa
Host: localhost:8000
Accept-Encoding: gzip, deflate, br
Connection: keep-alive
Content-Type: multipart/form-data; boundary=--------------------------623498025303887900438652
Content-Length: 292

----------------------------623498025303887900438652
Content-Disposition: form-data; name="form_key"

form_value
----------------------------623498025303887900438652
Content-Disposition: form-data; name="form_key2"

form_value2
----------------------------623498025303887900438652--

---------------------------
GET /?random_key=some_value HTTP/1.1
User-Agent: PostmanRuntime/7.39.0
Accept: */*
Postman-Token: dcf3ef30-aa3a-4db8-8f01-e18260bd0456
Host: localhost:8000
Accept-Encoding: gzip, deflate, br
Connection: keep-alive
Content-Type: multipart/form-data; boundary=--------------------------958726305068554162099923
Content-Length: 292

----------------------------958726305068554162099923
Content-Disposition: form-data; name="form_key"

form_value
----------------------------958726305068554162099923
Content-Disposition: form-data; name="form_key2"

form_value2
----------------------------958726305068554162099923--

---------------------------------------------------------------------
GET /?random_key=some_value HTTP/1.1
User-Agent: PostmanRuntime/7.39.0
Accept: */*
Postman-Token: d44a4ae8-7136-4fbe-9dde-d489cd79d0b1
Host: localhost:8000
Accept-Encoding: gzip, deflate, br
Connection: keep-alive
Content-Type: multipart/form-data; boundary=--------------------------756610968219927858025040
Content-Length: 292

----------------------------756610968219927858025040
Content-Disposition: form-data; name="form_key"

form_value
----------------------------756610968219927858025040
Content-Disposition: form-data; name="form_key2"

form_value2
----------------------------756610968219927858025040--

---------------------------------------------------------------------
GET /?random_key=some_value HTTP/1.1
User-Agent: PostmanRuntime/7.39.0
Accept: */*
Postman-Token: ccf011f2-bd07-437d-81c4-b1d694ff721b
Host: localhost:8000
Accept-Encoding: gzip, deflate, br
Connection: keep-alive
Content-Type: multipart/form-data; boundary=--------------------------352154519803285544283867
Content-Length: 292

----------------------------352154519803285544283867
Content-Disposition: form-data; name="form_key"

form_value
----------------------------352154519803285544283867
Content-Disposition: form-data; name="form_key2"

form_value2
----------------------------352154519803285544283867--

---------------------------------------------------------------------
GET /?random_key=some_value HTTP/1.1
User-Agent: PostmanRuntime/7.39.0
Accept: */*
Postman-Token: 087eb835-677b-4f95-ab1a-cc3dbdc03df0
Host: localhost:8000
Accept-Encoding: gzip, deflate, br
Connection: keep-alive
Content-Type: multipart/form-data; boundary=--------------------------802320332147391916536018
Content-Length: 292

----------------------------802320332147391916536018
Content-Disposition: form-data; name="form_key"

form_value
----------------------------802320332147391916536018
Content-Disposition: form-data; name="form_key2"

form_value2
----------------------------802320332147391916536018--

---------------------------------------------------------------------
GET /?random_key=some_value HTTP/1.1
User-Agent: PostmanRuntime/7.39.0
Accept: */*
Postman-Token: 72b2d872-8794-4b49-96f4-d5362aeeeb5e
Host: localhost:8000
Accept-Encoding: gzip, deflate, br
Connection: keep-alive
Content-Type: multipart/form-data; boundary=--------------------------969452887740452053130265
Content-Length: 292

----------------------------969452887740452053130265
Content-Disposition: form-data; name="form_key"

form_value
----------------------------969452887740452053130265
Content-Disposition: form-data; name="form_key2"

form_value2
----------------------------969452887740452053130265--

---------------------------------------------------------------------
GET /?random_key=some_value HTTP/1.1
User-Agent: PostmanRuntime/7.39.0
Accept: */*
Postman-Token: 482c0327-4fd8-4b1b-8a79-12a1bfbe3893
Host: localhost:8000
Accept-Encoding: gzip, deflate, br
Connection: keep-alive
Content-Type: multipart/form-data; boundary=--------------------------887796117758700430939129
Content-Length: 292

----------------------------887796117758700430939129
Content-Disposition: form-data; name="form_key"

form_value
----------------------------887796117758700430939129
Content-Disposition: form-data; name="form_key2"

form_value2
----------------------------887796117758700430939129--

---------------------------------------------------------------------
GET /?random_key=some_value HTTP/1.1
User-Agent: PostmanRuntime/7.39.0
Accept: */*
Postman-Token: b6bd9a57-a1f4-487f-9d58-79d714c8dc43
Host: localhost:8000
Accept-Encoding: gzip, deflate, br
Connection: keep-alive
Content-Type: multipart/form-data; boundary=--------------------------146358012541026636530901
Content-Length: 292

----------------------------146358012541026636530901
Content-Disposition: form-data; name="form_key"

form_value
----------------------------146358012541026636530901
Content-Disposition: form-data; name="form_key2"

form_value2
----------------------------146358012541026636530901--

---------------------------------------------------------------------
GET /?random_key=some_value HTTP/1.1
User-Agent: PostmanRuntime/7.39.0
Accept: */*
Postman-Token: 41c3daed-e402-4fd9-826c-5a934fa9a371
Host: localhost:8000
Accept-Encoding: gzip, deflate, br
Connection: keep-alive
Content-Type: multipart/form-data; boundary=--------------------------257339651018358773537003
Content-Length: 292

----------------------------257339651018358773537003
Content-Disposition: form-data; name="form_key"

form_value
----------------------------257339651018358773537003
Content-Disposition: form-data; name="form_key2"

form_value2
----------------------------257339651018358773537003--

---------------------------------------------------------------------
GET /?random_key=some_value HTTP/1.1
User-Agent: PostmanRuntime/7.39.0
Accept: */*
Postman-Token: 63e22614-9810-44e9-ac3c-547bbd1dc2fe
Host: localhost:8000
Accept-Encoding: gzip, deflate, br
Connection: keep-alive
Content-Type: multipart/form-data; boundary=--------------------------477659193703143406766929
Content-Length: 292

----------------------------477659193703143406766929
Content-Disposition: form-data; name="form_key"

form_value
----------------------------477659193703143406766929
Content-Disposition: form-data; name="form_key2"

form_value2
----------------------------477659193703143406766929--

---------------------------------------------------------------------
GET /?random_key=some_value HTTP/1.1
User-Agent: PostmanRuntime/7.39.0
Accept: */*
Postman-Token: d2c79f96-4a68-4244-8922-b6cc54d0abe1
Host: localhost:8000
Accept-Encoding: gzip, deflate, br
Connection: keep-alive
Content-Type: multipart/form-data; boundary=--------------------------887475294184536588128908
Content-Length: 292

----------------------------887475294184536588128908
Content-Disposition: form-data; name="form_key"

form_value
----------------------------887475294184536588128908
Content-Disposition: form-data; name="form_key2"

form_value2
----------------------------887475294184536588128908--

---------------------------------------------------------------------
GET /?random_key=some_value HTTP/1.1
User-Agent: PostmanRuntime/7.39.0
Accept: */*
Postman-Token: f7980e18-ea92-4043-bbf6-061b3c3193b6
Host: localhost:8000
Accept-Encoding: gzip, deflate, br
Connection: keep-alive
Content-Type: multipart/form-data; boundary=--------------------------203650271359685142859837
Content-Length: 292

----------------------------203650271359685142859837
Content-Disposition: form-data; name="form_key"

form_value
----------------------------203650271359685142859837
Content-Disposition: form-data; name="form_key2"

form_value2
----------------------------203650271359685142859837--

---
GET /?random_key=some_value HTTP/1.1
User-Agent: PostmanRuntime/7.39.0
Accept: */*
Postman-Token: 6a0d651c-4779-434c-b1c2-d03012cfea49
Host: localhost:8000
Accept-Encoding: gzip, deflate, br
Connection: keep-alive
Content-Type: multipart/form-data; boundary=--------------------------236987343901143449808756
Content-Length: 292

----------------------------236987343901143449808756
Content-Disposition: form-data; name="form_key"

form_value
----------------------------236987343901143449808756
Content-Disposition: form-data; name="form_key2"

form_value2
----------------------------236987343901143449808756--

---
GET /?random_key=some_value HTTP/1.1
User-Agent: PostmanRuntime/7.39.0
Accept: */*
Postman-Token: 7abc6eff-d7fd-44a4-80ce-f5baf4d2cbd3
Host: localhost:8000
Accept-Encoding: gzip, deflate, br
Connection: keep-alive
Content-Type: multipart/form-data; boundary=--------------------------748015805957710165989862
Content-Length: 292

----------------------------748015805957710165989862
Content-Disposition: form-data; name="form_key"

form_value
----------------------------748015805957710165989862
Content-Disposition: form-data; name="form_key2"

form_value2
----------------------------748015805957710165989862--

---
GET /?random_key=some_value HTTP/1.1
User-Agent: PostmanRuntime/7.39.0
Accept: */*
Postman-Token: dff3ea28-9b4c-4403-b72d-ed113de0ab78
Host: localhost:8000
Accept-Encoding: gzip, deflate, br
Connection: keep-alive
Content-Type: multipart/form-data; boundary=--------------------------107897580498743432172919
Content-Length: 292

----------------------------107897580498743432172919
Content-Disposition: form-data; name="form_key"

form_value
----------------------------107897580498743432172919
Content-Disposition: form-data; name="form_key2"

form_value2
----------------------------107897580498743432172919--

---
GET /?random_key=some_value HTTP/1.1
User-Agent: PostmanRuntime/7.39.0
Accept: */*
Postman-Token: f4302011-05f3-4c28-b391-f1184b4fa063
Host: localhost:8000
Accept-Encoding: gzip, deflate, br
Connection: keep-alive
Content-Type: multipart/form-data; boundary=--------------------------152061125339206181302457
Content-Length: 292

----------------------------152061125339206181302457
Content-Disposition: form-data; name="form_key"

form_value
----------------------------152061125339206181302457
Content-Disposition: form-data; name="form_key2"

form_value2
----------------------------152061125339206181302457--

---
GET /?random_key=some_value HTTP/1.1
User-Agent: PostmanRuntime/7.39.0
Accept: */*
Postman-Token: 65851642-361e-47c7-b1cd-deeb0433e5f8
Host: localhost:8000
Accept-Encoding: gzip, deflate, br
Connection: keep-alive
Content-Type: multipart/form-data; boundary=--------------------------287590211058634719012652
Content-Length: 292

----------------------------287590211058634719012652
Content-Disposition: form-data; name="form_key"

form_value
----------------------------287590211058634719012652
Content-Disposition: form-data; name="form_key2"

form_value2
----------------------------287590211058634719012652--

---
GET /?random_key=some_value HTTP/1.1
User-Agent: PostmanRuntime/7.39.0
Accept: */*
Postman-Token: 2d449848-c322-4b04-a117-e0402edbafee
Host: localhost:8000
Accept-Encoding: gzip, deflate, br
Connection: keep-alive
Content-Type: multipart/form-data; boundary=--------------------------107341445255194587570739
Content-Length: 292

----------------------------107341445255194587570739
Content-Disposition: form-data; name="form_key"

form_value
----------------------------107341445255194587570739
Content-Disposition: form-data; name="form_key2"

form_value2
----------------------------107341445255194587570739--

---
GET /?random_key=some_value HTTP/1.1
User-Agent: PostmanRuntime/7.39.0
Accept: */*
Postman-Token: e2a66bd1-ea7b-4675-8d8c-426096611564
Host: localhost:8000
Accept-Encoding: gzip, deflate, br
Connection: keep-alive
Content-Type: multipart/form-data; boundary=--------------------------339390779791135052492730
Content-Length: 292

----------------------------339390779791135052492730
Content-Disposition: form-data; name="form_key"

form_value
----------------------------339390779791135052492730
Content-Disposition: form-data; name="form_key2"

form_value2
----------------------------339390779791135052492730--

---
GET /?random_key=some_value HTTP/1.1
User-Agent: PostmanRuntime/7.39.0
Accept: */*
Postman-Token: 252f79ba-ab85-432e-91b7-608c09309e6d
Host: localhost:8000
Accept-Encoding: gzip, deflate, br
Connection: keep-alive
Content-Type: multipart/form-data; boundary=--------------------------996435772987623940562235
Content-Length: 292

----------------------------996435772987623940562235
Content-Disposition: form-data; name="form_key"

form_value
----------------------------996435772987623940562235
Content-Disposition: form-data; name="form_key2"

form_value2
----------------------------996435772987623940562235--

|---END OF LOG---
GET /?random_key=some_value HTTP/1.1
User-Agent: PostmanRuntime/7.39.0
Accept: */*
Postman-Token: f10baa98-5ce5-4b81-8206-7cf49b8fb8a0
Host: localhost:8000
Accept-Encoding: gzip, deflate, br
Connection: keep-alive
Content-Type: multipart/form-data; boundary=--------------------------691199335764011802381190
Content-Length: 292

----------------------------691199335764011802381190
Content-Disposition: form-data; name="form_key"

form_value
----------------------------691199335764011802381190
Content-Disposition: form-data; name="form_key2"

form_value2
----------------------------691199335764011802381190--

|---END OF LOG---
GET /?random_key=some_value HTTP/1.1
User-Agent: PostmanRuntime/7.39.0
Accept: */*
Postman-Token: c334b8ac-2441-4142-b4c9-9e80f7eb0afa
Host: localhost:8000
Accept-Encoding: gzip, deflate, br
Connection: keep-alive
Content-Type: multipart/form-data; boundary=--------------------------961385543494858364169525
Content-Length: 292

----------------------------961385543494858364169525
Content-Disposition: form-data; name="form_key"

form_value
----------------------------961385543494858364169525
Content-Disposition: form-data; name="form_key2"

form_value2
----------------------------961385543494858364169525--

|---END OF LOG---
GET /?random_key=some_value HTTP/1.1
User-Agent: PostmanRuntime/7.39.0
Accept: */*
Postman-Token: bdc6d564-bf1a-4c8f-8d51-661f5d2bfd5b
Host: localhost:8000
Accept-Encoding: gzip, deflate, br
Connection: keep-alive
Content-Type: multipart/form-data; boundary=--------------------------009807291736402691888503
Content-Length: 292

----------------------------009807291736402691888503
Content-Disposition: form-data; name="form_key"

form_value
----------------------------009807291736402691888503
Content-Disposition: form-data; name="form_key2"

form_value2
----------------------------009807291736402691888503--

|---END OF LOG---
GET /?random_key=some_value HTTP/1.1
User-Agent: PostmanRuntime/7.39.0
Accept: */*
Postman-Token: a4f694e5-2866-467f-b5db-c09f26d38796
Host: localhost:8000
Accept-Encoding: gzip, deflate, br
Connection: keep-alive
Content-Type: multipart/form-data; boundary=--------------------------257007461901269840855815
Content-Length: 292

----------------------------257007461901269840855815
Content-Disposition: form-data; name="form_key"

form_value
----------------------------257007461901269840855815
Content-Disposition: form-data; name="form_key2"

form_value2
----------------------------257007461901269840855815--

|---END OF LOG---
GET /?random_key=some_value HTTP/1.1
User-Agent: PostmanRuntime/7.39.0
Accept: */*
Postman-Token: f71e975f-dc45-4425-86c0-7499d30c8665
Host: localhost:8000
Accept-Encoding: gzip, deflate, br
Connection: keep-alive
Content-Type: multipart/form-data; boundary=--------------------------186151365921895488693394
Content-Length: 292

----------------------------186151365921895488693394
Content-Disposition: form-data; name="form_key"

form_value
----------------------------186151365921895488693394
Content-Disposition: form-data; name="form_key2"

form_value2
----------------------------186151365921895488693394--

|---END OF LOG---
GET /?random_key=some_value HTTP/1.1
User-Agent: PostmanRuntime/7.39.0
Accept: */*
Postman-Token: 9948e67e-8542-4bdb-bebb-33a5b1992316
Host: localhost:8000
Accept-Encoding: gzip, deflate, br
Connection: keep-alive
Content-Type: multipart/form-data; boundary=--------------------------006861139171136293316831
Content-Length: 292

----------------------------006861139171136293316831
Content-Disposition: form-data; name="form_key"

form_value
----------------------------006861139171136293316831
Content-Disposition: form-data; name="form_key2"

form_value2
----------------------------006861139171136293316831--

|---END OF LOG---
GET /?random_key=some_value HTTP/1.1
User-Agent: PostmanRuntime/7.39.0
Accept: */*
Postman-Token: 7a49a811-7e6e-45b1-8a77-71cdce813da0
Host: localhost:8000
Accept-Encoding: gzip, deflate, br
Connection: keep-alive
Content-Type: multipart/form-data; boundary=--------------------------981435773140170025895675
Content-Length: 292

----------------------------981435773140170025895675
Content-Disposition: form-data; name="form_key"

form_value
----------------------------981435773140170025895675
Content-Disposition: form-data; name="form_key2"

form_value2
----------------------------981435773140170025895675--

|---END OF LOG---
GET /?random_key=some_value HTTP/1.1
User-Agent: PostmanRuntime/7.39.0
Accept: */*
Postman-Token: 977310e0-c91f-4b88-9017-e968eb1ea32f
Host: localhost:8000
Accept-Encoding: gzip, deflate, br
Connection: keep-alive
Content-Type: multipart/form-data; boundary=--------------------------544725909132714653701698
Content-Length: 292

----------------------------544725909132714653701698
Content-Disposition: form-data; name="form_key"

form_value
----------------------------544725909132714653701698
Content-Disposition: form-data; name="form_key2"

form_value2
----------------------------544725909132714653701698--

|---END OF LOG---
GET /?random_key=some_value HTTP/1.1
User-Agent: PostmanRuntime/7.39.0
Accept: */*
Postman-Token: 66b646fa-d88e-4301-ba27-49e360717e9a
Host: localhost:8000
Accept-Encoding: gzip, deflate, br
Connection: keep-alive
Content-Type: multipart/form-data; boundary=--------------------------685078314561927084769495
Content-Length: 292

----------------------------685078314561927084769495
Content-Disposition: form-data; name="form_key"

form_value
----------------------------685078314561927084769495
Content-Disposition: form-data; name="form_key2"

form_value2
----------------------------685078314561927084769495--

|---END OF LOG---|
GET /?random_key=some_value HTTP/1.1
User-Agent: PostmanRuntime/7.39.0
Accept: */*
Postman-Token: 5583aa35-4495-4baf-b0da-ac96eea20411
Host: localhost:8000
Accept-Encoding: gzip, deflate, br
Connection: keep-alive
Content-Type: multipart/form-data; boundary=--------------------------617128583218858112310999
Content-Length: 292

----------------------------617128583218858112310999
Content-Disposition: form-data; name="form_key"

form_value
----------------------------617128583218858112310999
Content-Disposition: form-data; name="form_key2"

form_value2
----------------------------617128583218858112310999--

|---END OF LOG---|
GET /?random_key=some_value HTTP/1.1
User-Agent: PostmanRuntime/7.39.0
Accept: */*
Postman-Token: f166373e-d726-4201-b2eb-137363f1b987
Host: localhost:8000
Accept-Encoding: gzip, deflate, br
Connection: keep-alive
Content-Type: multipart/form-data; boundary=--------------------------286817671526694331284078
Content-Length: 292

----------------------------286817671526694331284078
Content-Disposition: form-data; name="form_key"

form_value
----------------------------286817671526694331284078
Content-Disposition: form-data; name="form_key2"

form_value2
----------------------------286817671526694331284078--

|---END OF LOG---|
GET /?random_key=some_value HTTP/1.1
User-Agent: PostmanRuntime/7.39.0
Accept: */*
Postman-Token: 61080b24-2326-4aed-a211-7ffd33c1e765
Host: localhost:8000
Accept-Encoding: gzip, deflate, br
Connection: keep-alive
Content-Type: multipart/form-data; boundary=--------------------------863085914254315296210852
Content-Length: 292

----------------------------863085914254315296210852
Content-Disposition: form-data; name="form_key"

form_value
----------------------------863085914254315296210852
Content-Disposition: form-data; name="form_key2"

form_value2
----------------------------863085914254315296210852--

|---END OF LOG---|
GET /?random_key=some_value HTTP/1.1
User-Agent: PostmanRuntime/7.39.0
Accept: */*
Postman-Token: 348bf9c2-23d8-4545-a13a-aab5304c083a
Host: localhost:8000
Accept-Encoding: gzip, deflate, br
Connection: keep-alive
Content-Type: multipart/form-data; boundary=--------------------------988025132543571411801589
Content-Length: 292

----------------------------988025132543571411801589
Content-Disposition: form-data; name="form_key"

form_value
----------------------------988025132543571411801589
Content-Disposition: form-data; name="form_key2"

form_value2
----------------------------988025132543571411801589--

|---END OF LOG---|
GET /?random_key=some_value HTTP/1.1
User-Agent: PostmanRuntime/7.39.0
Accept: */*
Postman-Token: 58317a99-0723-435f-9710-7e46f5f5e23e
Host: localhost:8000
Accept-Encoding: gzip, deflate, br
Connection: keep-alive
Content-Type: multipart/form-data; boundary=--------------------------756236467032263129437297
Content-Length: 292

----------------------------756236467032263129437297
Content-Disposition: form-data; name="form_key"

form_value
----------------------------756236467032263129437297
Content-Disposition: form-data; name="form_key2"

form_value2
----------------------------756236467032263129437297--

|---END OF LOG---|
GET /?random_key=some_value HTTP/1.1
User-Agent: PostmanRuntime/7.39.0
Accept: */*
Postman-Token: 90642f74-58f4-4201-ac79-45aa846fdb77
Host: localhost:8000
Accept-Encoding: gzip, deflate, br
Connection: keep-alive
Content-Type: multipart/form-data; boundary=--------------------------520172108949382599744878
Content-Length: 292

----------------------------520172108949382599744878
Content-Disposition: form-data; name="form_key"

form_value
----------------------------520172108949382599744878
Content-Disposition: form-data; name="form_key2"

form_value2
----------------------------520172108949382599744878--

|---END OF LOG---|
GET /?random_key=some_value HTTP/1.1
User-Agent: PostmanRuntime/7.39.0
Accept: */*
Postman-Token: 0a38982c-c39b-4414-a34a-db313a75aa7f
Host: localhost:8000
Accept-Encoding: gzip, deflate, br
Connection: keep-alive
Content-Type: multipart/form-data; boundary=--------------------------591401200342970479076029
Content-Length: 292

----------------------------591401200342970479076029
Content-Disposition: form-data; name="form_key"

form_value
----------------------------591401200342970479076029
Content-Disposition: form-data; name="form_key2"

form_value2
----------------------------591401200342970479076029--

|---END OF LOG---|
GET /?random_key=some_value HTTP/1.1
User-Agent: PostmanRuntime/7.39.0
Accept: */*
Postman-Token: c0bd71ba-c710-49ed-99c4-726196de9ad8
Host: localhost:8000
Accept-Encoding: gzip, deflate, br
Connection: keep-alive
Content-Type: multipart/form-data; boundary=--------------------------523922274169183106497845
Content-Length: 292

----------------------------523922274169183106497845
Content-Disposition: form-data; name="form_key"

form_value
----------------------------523922274169183106497845
Content-Disposition: form-data; name="form_key2"

form_value2
----------------------------523922274169183106497845--

|---END OF LOG---|
GET /?random_key=some_value HTTP/1.1
User-Agent: PostmanRuntime/7.39.0
Accept: */*
Postman-Token: d3b4af86-77e9-4e26-92d9-73a162df7db4
Host: localhost:8000
Accept-Encoding: gzip, deflate, br
Connection: keep-alive
Content-Type: multipart/form-data; boundary=--------------------------348037823891384607221011
Content-Length: 292

----------------------------348037823891384607221011
Content-Disposition: form-data; name="form_key"

form_value
----------------------------348037823891384607221011
Content-Disposition: form-data; name="form_key2"

form_value2
----------------------------348037823891384607221011--

|---END OF LOG---|
GET /?random_key=some_value HTTP/1.1
User-Agent: PostmanRuntime/7.39.0
Accept: */*
Postman-Token: 87258f34-bb7d-4b08-bfc0-2e3ab5a8d799
Host: localhost:8000
Accept-Encoding: gzip, deflate, br
Connection: keep-alive
Content-Type: multipart/form-data; boundary=--------------------------638430170984222941956078
Content-Length: 292

----------------------------638430170984222941956078
Content-Disposition: form-data; name="form_key"

form_value
----------------------------638430170984222941956078
Content-Disposition: form-data; name="form_key2"

form_value2
----------------------------638430170984222941956078--

|---END OF LOG---|
GET /?random_key=some_value HTTP/1.1
User-Agent: PostmanRuntime/7.39.0
Accept: */*
Postman-Token: e4e228cb-e6c8-41c4-8b93-d9d28dec052b
Host: localhost:8000
Accept-Encoding: gzip, deflate, br
Connection: keep-alive
Content-Type: multipart/form-data; boundary=--------------------------488284906905694425574112
Content-Length: 292

----------------------------488284906905694425574112
Content-Disposition: form-data; name="form_key"

form_value
----------------------------488284906905694425574112
Content-Disposition: form-data; name="form_key2"

form_value2
----------------------------488284906905694425574112--

|---END_OF_LOG---|
GET /?random_key=some_value HTTP/1.1
User-Agent: PostmanRuntime/7.39.0
Accept: */*
Postman-Token: 7cd007e4-7c0e-4556-93f8-f438e1c14023
Host: localhost:8000
Accept-Encoding: gzip, deflate, br
Connection: keep-alive
Content-Type: multipart/form-data; boundary=--------------------------122217850131102519975637
Content-Length: 292

----------------------------122217850131102519975637
Content-Disposition: form-data; name="form_key"

form_value
----------------------------122217850131102519975637
Content-Disposition: form-data; name="form_key2"

form_value2
----------------------------122217850131102519975637--

|---END_OF_LOG---|
GET /?random_key=some_value HTTP/1.1
User-Agent: PostmanRuntime/7.39.0
Accept: */*
Postman-Token: 848c93fa-8ace-4106-bfe0-40fae1110a93
Host: localhost:8000
Accept-Encoding: gzip, deflate, br
Connection: keep-alive
Content-Type: multipart/form-data; boundary=--------------------------108759446913842518455670
Content-Length: 292

----------------------------108759446913842518455670
Content-Disposition: form-data; name="form_key"

form_value
----------------------------108759446913842518455670
Content-Disposition: form-data; name="form_key2"

form_value2
----------------------------108759446913842518455670--

|---END_OF_LOG---|
GET /?random_key=some_value HTTP/1.1
User-Agent: PostmanRuntime/7.39.0
Accept: */*
Postman-Token: a4f543b2-f51d-40ad-8a6c-8efc988fc9da
Host: localhost:8000
Accept-Encoding: gzip, deflate, br
Connection: keep-alive
Content-Type: multipart/form-data; boundary=--------------------------324296311893639581493773
Content-Length: 292

----------------------------324296311893639581493773
Content-Disposition: form-data; name="form_key"

form_value
----------------------------324296311893639581493773
Content-Disposition: form-data; name="form_key2"

form_value2
----------------------------324296311893639581493773--

|---END_OF_LOG---|
GET /?random_key=some_value HTTP/1.1
User-Agent: PostmanRuntime/7.39.0
Accept: */*
Postman-Token: 9757585e-41cf-46c0-95a8-602f074af670
Host: localhost:8000
Accept-Encoding: gzip, deflate, br
Connection: keep-alive
Content-Type: multipart/form-data; boundary=--------------------------625057833080038043835842
Content-Length: 292

----------------------------625057833080038043835842
Content-Disposition: form-data; name="form_key"

form_value
----------------------------625057833080038043835842
Content-Disposition: form-data; name="form_key2"

form_value2
----------------------------625057833080038043835842--

|---END_OF_LOG---|
GET /?random_key=some_value HTTP/1.1
User-Agent: PostmanRuntime/7.39.0
Accept: */*
Postman-Token: 01a548f5-07fd-4981-9f3e-93cd2f25f1ed
Host: localhost:8000
Accept-Encoding: gzip, deflate, br
Connection: keep-alive
Content-Type: multipart/form-data; boundary=--------------------------963613017397940910643328
Content-Length: 292

----------------------------963613017397940910643328
Content-Disposition: form-data; name="form_key"

form_value
----------------------------963613017397940910643328
Content-Disposition: form-data; name="form_key2"

form_value2
----------------------------963613017397940910643328--

|---END_OF_LOG---|
GET /?random_key=some_value HTTP/1.1
User-Agent: PostmanRuntime/7.39.0
Accept: */*
Postman-Token: 52064542-ac59-4cf7-bc5c-865cb39f1d38
Host: localhost:8000
Accept-Encoding: gzip, deflate, br
Connection: keep-alive
Content-Type: multipart/form-data; boundary=--------------------------989305400978937945474854
Content-Length: 292

----------------------------989305400978937945474854
Content-Disposition: form-data; name="form_key"

form_value
----------------------------989305400978937945474854
Content-Disposition: form-data; name="form_key2"

form_value2
----------------------------989305400978937945474854--

|---END_OF_LOG---|
GET /?random_key=some_value HTTP/1.1
User-Agent: PostmanRuntime/7.39.0
Accept: */*
Postman-Token: f079b293-a391-4c89-9b17-9e64923c7b8f
Host: localhost:8000
Accept-Encoding: gzip, deflate, br
Connection: keep-alive
Content-Type: multipart/form-data; boundary=--------------------------028789768149332491520492
Content-Length: 292

----------------------------028789768149332491520492
Content-Disposition: form-data; name="form_key"

form_value
----------------------------028789768149332491520492
Content-Disposition: form-data; name="form_key2"

form_value2
----------------------------028789768149332491520492--

|---END_OF_LOG---|
GET /?random_key=some_value HTTP/1.1
User-Agent: PostmanRuntime/7.39.0
Accept: */*
Postman-Token: 372090af-35d9-42a5-a837-a9a8229b0f02
Host: localhost:8000
Accept-Encoding: gzip, deflate, br
Connection: keep-alive
Content-Type: multipart/form-data; boundary=--------------------------186585662401780750958783
Content-Length: 292

----------------------------186585662401780750958783
Content-Disposition: form-data; name="form_key"

form_value
----------------------------186585662401780750958783
Content-Disposition: form-data; name="form_key2"

form_value2
----------------------------186585662401780750958783--

|---END_OF_LOG---|
GET /?random_key=some_value HTTP/1.1
User-Agent: PostmanRuntime/7.39.0
Accept: */*
Postman-Token: 52bb732f-06eb-482c-a4fa-8586d37c367b
Host: localhost:8000
Accept-Encoding: gzip, deflate, br
Connection: keep-alive
Content-Type: multipart/form-data; boundary=--------------------------457869633770021397393517
Content-Length: 292

----------------------------457869633770021397393517
Content-Disposition: form-data; name="form_key"

form_value
----------------------------457869633770021397393517
Content-Disposition: form-data; name="form_key2"

form_value2
----------------------------457869633770021397393517--

|---END_OF_LOG---|
GET /?random_key=some_value HTTP/1.1
User-Agent: PostmanRuntime/7.39.0
Accept: */*
Postman-Token: 97d8b5c0-27a7-4965-9fb1-fb468978f9d5
Host: localhost:8000
Accept-Encoding: gzip, deflate, br
Connection: keep-alive
Content-Type: multipart/form-data; boundary=--------------------------538586679893486143772702
Content-Length: 292

----------------------------538586679893486143772702
Content-Disposition: form-data; name="form_key"

form_value
----------------------------538586679893486143772702
Content-Disposition: form-data; name="form_key2"

form_value2
----------------------------538586679893486143772702--

|---END_OF_LOG---|
GET /?params_key=params_value HTTP/1.1
Content-Type: text/plain
User-Agent: PostmanRuntime/7.39.0
Accept: */*
Postman-Token: 468b7b63-4be0-44a3-9b0a-93c447a44f8e
Host: localhost:8000
Accept-Encoding: gzip, deflate, br
Connection: keep-alive
Content-Length: 67

{
    "key": "value",
    "key1": "value1",
    "key2": "value2"
}

|---END_OF_LOG---|
GET /?params_key=params_value HTTP/1.1
Content-Type: text/plain
User-Agent: PostmanRuntime/7.39.0
Accept: */*
Postman-Token: c676fb60-8e70-4629-a5a7-6d738f12856d
Host: localhost:8000
Accept-Encoding: gzip, deflate, br
Connection: keep-alive
Content-Length: 67

{
    "key": "value",
    "key1": "value1",
    "key2": "value2"
}

|---END_OF_LOG---|
GET /?params_key=params_value HTTP/1.1
Content-Type: text/plain
User-Agent: PostmanRuntime/7.39.0
Accept: */*
Postman-Token: be331c59-ea78-452f-8281-22021010be3c
Host: localhost:8000
Accept-Encoding: gzip, deflate, br
Connection: keep-alive
Content-Length: 67

{
    "key": "value",
    "key1": "value1",
    "key2": "value2"
}

|---END_OF_LOG---|
GET /?params_key=params_value HTTP/1.1
Content-Type: text/plain
User-Agent: PostmanRuntime/7.39.0
Accept: */*
Postman-Token: 20513430-611d-438e-aff7-78b383f3d33f
Host: localhost:8000
Accept-Encoding: gzip, deflate, br
Connection: keep-alive
Content-Length: 67

{
    "key": "value",
    "key1": "value1",
    "key2": "value2"
}

|---END_OF_LOG---|
GET /?params_key=params_value HTTP/1.1
Content-Type: text/plain
User-Agent: PostmanRuntime/7.39.0
Accept: */*
Postman-Token: 49be959f-59b5-48f0-9681-21ba6a39dff9
Host: localhost:8000
Accept-Encoding: gzip, deflate, br
Connection: keep-alive
Content-Length: 67

{
    "key": "value",
    "key1": "value1",
    "key2": "value2"
}

|---END_OF_LOG---|
GET /?params_key=params_value HTTP/1.1
Content-Type: text/plain
User-Agent: PostmanRuntime/7.39.0
Accept: */*
Postman-Token: 70dfea72-72c9-4406-b023-aff5d7f2d957
Host: localhost:8000
Accept-Encoding: gzip, deflate, br
Connection: keep-alive
Content-Length: 67

{
    "key": "value",
    "key1": "value1",
    "key2": "value2"
}

|---END_OF_LOG---|
GET /?params_key=params_value HTTP/1.1
Content-Type: text/plain
User-Agent: PostmanRuntime/7.39.0
Accept: */*
Postman-Token: 771cbb6e-33fa-42a9-9b19-4563017fe5a8
Host: localhost:8000
Accept-Encoding: gzip, deflate, br
Connection: keep-alive
Content-Length: 67

{
    "key": "value",
    "key1": "value1",
    "key2": "value2"
}

|---END_OF_LOG---|
GET /?params_key=params_value HTTP/1.1
Content-Type: text/plain
User-Agent: PostmanRuntime/7.39.0
Accept: */*
Postman-Token: 40afe807-13df-4eda-bc77-14d31fb9e8b3
Host: localhost:8000
Accept-Encoding: gzip, deflate, br
Connection: keep-alive
Content-Length: 67

{
    "key": "value",
    "key1": "value1",
    "key2": "value2"
}

|---END_OF_LOG---|
GET /?params_key=params_value HTTP/1.1
Content-Type: text/plain
User-Agent: PostmanRuntime/7.39.0
Accept: */*
Postman-Token: e37e40ff-d5e3-400e-90b2-9cacb956f679
Host: localhost:8000
Accept-Encoding: gzip, deflate, br
Connection: keep-alive
Content-Length: 67

{
    "key": "value",
    "key1": "value1",
    "key2": "value2"
}

|---END_OF_LOG---|
GET /?params_key=params_value HTTP/1.1
Content-Type: text/plain
User-Agent: PostmanRuntime/7.39.0
Accept: */*
Postman-Token: 8e32fce8-9c38-4ad3-8fcb-4494e1dae606
Host: localhost:8000
Accept-Encoding: gzip, deflate, br
Connection: keep-alive
Content-Length: 67

{
    "key": "value",
    "key1": "value1",
    "key2": "value2"
}

|---END_OF_LOG---|
GET /?params_key=params_value HTTP/1.1
Content-Type: text/plain
User-Agent: PostmanRuntime/7.39.0
Accept: */*
Postman-Token: f5e12050-c069-4989-b9c0-3aef25a5ec62
Host: localhost:8000
Accept-Encoding: gzip, deflate, br
Connection: keep-alive
Content-Length: 67

{
    "key": "value",
    "key1": "value1",
    "key2": "value2"
}

|---END_OF_LOG---|
GET /?params_key=params_value HTTP/1.1
Content-Type: text/plain
User-Agent: PostmanRuntime/7.39.0
Accept: */*
Postman-Token: 2e01853a-4d34-4643-a03c-b674ae245a90
Host: localhost:8000
Accept-Encoding: gzip, deflate, br
Connection: keep-alive
Content-Length: 67

{
    "key": "value",
    "key1": "value1",
    "key2": "value2"
}

|---END_OF_LOG---|
GET /?params_key=params_value HTTP/1.1
Content-Type: text/plain
User-Agent: PostmanRuntime/7.39.0
Accept: */*
Postman-Token: 673520b3-f6e9-4311-8680-5d3c20d1c3b8
Host: localhost:8000
Accept-Encoding: gzip, deflate, br
Connection: keep-alive
Content-Length: 67

{
    "key": "value",
    "key1": "value1",
    "key2": "value2"
}

|---END_OF_LOG---|
GET /?params_key=params_value HTTP/1.1
Content-Type: text/plain
User-Agent: PostmanRuntime/7.39.0
Accept: */*
Postman-Token: 0790000d-a8fb-4b87-8796-9263c09e6edb
Host: localhost:8000
Accept-Encoding: gzip, deflate, br
Connection: keep-alive
Content-Length: 67

{
    "key": "value",
    "key1": "value1",
    "key2": "value2"
}

|---END_OF_LOG---|
GET /?params_key=params_value HTTP/1.1
Content-Type: text/plain
User-Agent: PostmanRuntime/7.39.0
Accept: */*
Postman-Token: edfd0f98-ce8d-46a4-a203-aeaf62985622
Host: localhost:8000
Accept-Encoding: gzip, deflate, br
Connection: keep-alive
Content-Length: 67

{
    "key": "value",
    "key1": "value1",
    "key2": "value2"
}

|---END_OF_LOG---|
GET /?params_key=params_value HTTP/1.1
Content-Type: text/plain
User-Agent: PostmanRuntime/7.39.0
Accept: */*
Postman-Token: cc0e3db5-a558-426e-8f43-fb3292ebd1b5
Host: localhost:8000
Accept-Encoding: gzip, deflate, br
Connection: keep-alive
Content-Length: 67

{
    "key": "value",
    "key1": "value1",
    "key2": "value2"
}

|---END_OF_LOG---|
GET /?params_key=params_value HTTP/1.1
Content-Type: text/plain
User-Agent: PostmanRuntime/7.39.0
Accept: */*
Postman-Token: f00272e9-8204-43c0-a569-ba44be6fc768
Host: localhost:8000
Accept-Encoding: gzip, deflate, br
Connection: keep-alive
Content-Length: 67

{
    "key": "value",
    "key1": "value1",
    "key2": "value2"
}

|---END_OF_LOG---|
GET /?params_key=params_value HTTP/1.1
Content-Type: text/plain
User-Agent: PostmanRuntime/7.39.0
Accept: */*
Postman-Token: 69148d3c-ce37-4ad2-9527-d239ed22108d
Host: localhost:8000
Accept-Encoding: gzip, deflate, br
Connection: keep-alive
Content-Length: 67

{
    "key": "value",
    "key1": "value1",
    "key2": "value2"
}

|---END_OF_LOG---|
GET /?params_key=params_value HTTP/1.1
Content-Type: text/plain
User-Agent: PostmanRuntime/7.39.0
Accept: */*
Postman-Token: 7a8dba1e-eda8-41de-a5d6-e8b06d272f3b
Host: localhost:8000
Accept-Encoding: gzip, deflate, br
Connection: keep-alive
Content-Length: 67

{
    "key": "value",
    "key1": "value1",
    "key2": "value2"
}

|---END_OF_LOG---|
GET /?params_key=params_value HTTP/1.1
Content-Type: text/plain
User-Agent: PostmanRuntime/7.39.0
Accept: */*
Postman-Token: e66b24e3-4bda-4e85-af93-7aa06ec13626
Host: localhost:8000
Accept-Encoding: gzip, deflate, br
Connection: keep-alive
Content-Length: 67

{
    "key": "value",
    "key1": "value1",
    "key2": "value2"
}

|---END_OF_LOG---|
GET /some_endpoint HTTP/1.1
Content-Type: text/plain
User-Agent: PostmanRuntime/7.39.0
Accept: */*
Postman-Token: f48f57ad-6495-416d-b58e-3a26ec249205
Host: localhost:8000
Accept-Encoding: gzip, deflate, br
Connection: keep-alive
Content-Length: 67

{
    "key": "value",
    "key1": "value1",
    "key2": "value2"
}

|---END_OF_LOG---|
GET /some_endpoint HTTP/1.1
Content-Type: text/plain
User-Agent: PostmanRuntime/7.39.0
Accept: */*
Postman-Token: 418ccf4e-e0eb-4ff3-828c-1da8f8da538f
Host: localhost:8000
Accept-Encoding: gzip, deflate, br
Connection: keep-alive
Content-Length: 67

{
    "key": "value",
    "key1": "value1",
    "key2": "value2"
}

|---END_OF_LOG---|
GET /some_endpoint HTTP/1.1
Content-Type: text/plain
User-Agent: PostmanRuntime/7.39.0
Accept: */*
Postman-Token: 22be94fa-da5f-4e9c-b783-49a4ac3d5110
Host: localhost:8000
Accept-Encoding: gzip, deflate, br
Connection: keep-alive
Content-Length: 67

{
    "key": "value",
    "key1": "value1",
    "key2": "value2"
}

|---END_OF_LOG---|
GET /some_endpoint HTTP/1.1
Content-Type: text/plain
User-Agent: PostmanRuntime/7.39.0
Accept: */*
Postman-Token: df752e59-4a4d-4aa2-b2f0-4eac70d1b65d
Host: localhost:8000
Accept-Encoding: gzip, deflate, br
Connection: keep-alive
Content-Length: 67

{
    "key": "value",
    "key1": "value1",
    "key2": "value2"
}

|---END_OF_LOG---|
GET /some_endpoint HTTP/1.1
Content-Type: text/plain
User-Agent: PostmanRuntime/7.39.0
Accept: */*
Postman-Token: 57d1815b-cb79-4895-ae4e-27e5eca45576
Host: localhost:8000
Accept-Encoding: gzip, deflate, br
Connection: keep-alive
Content-Length: 67

{
    "key": "value",
    "key1": "value1",
    "key2": "value2"
}

|---END_OF_LOG---|
GET /some_endpoint?x=5 HTTP/1.1
Content-Type: text/plain
User-Agent: PostmanRuntime/7.39.0
Accept: */*
Postman-Token: 27ce7f5c-8d97-4cf0-8fd3-5d011b19992d
Host: localhost:8000
Accept-Encoding: gzip, deflate, br
Connection: keep-alive
Content-Length: 67

{
    "key": "value",
    "key1": "value1",
    "key2": "value2"
}

|---END_OF_LOG---|
GET /some_endpoint?x=5 HTTP/1.1
Content-Type: text/plain
User-Agent: PostmanRuntime/7.39.0
Accept: */*
Postman-Token: d700ba2a-828f-4ec0-9af7-572d3c40a640
Host: localhost:8000
Accept-Encoding: gzip, deflate, br
Connection: keep-alive
Content-Length: 67

{
    "key": "value",
    "key1": "value1",
    "key2": "value2"
}

|---END_OF_LOG---|
GET /some_endpoint?x=5 HTTP/1.1
Content-Type: text/plain
User-Agent: PostmanRuntime/7.39.0
Accept: */*
Postman-Token: d249cae3-5c7d-4849-b346-24758b6814fc
Host: localhost:8000
Accept-Encoding: gzip, deflate, br
Connection: keep-alive
Content-Length: 67

{
    "key": "value",
    "key1": "value1",
    "key2": "value2"
}

|---END_OF_LOG---|
GET /some_endpoint?x=5 HTTP/1.1
Content-Type: text/plain
User-Agent: PostmanRuntime/7.39.0
Accept: */*
Postman-Token: 81442414-289a-47fe-9dc7-49c5b18cee06
Host: localhost:8000
Accept-Encoding: gzip, deflate, br
Connection: keep-alive
Content-Length: 67

{
    "key": "value",
    "key1": "value1",
    "key2": "value2"
}

|---END_OF_LOG---|
GET /some_endpoint?x=5 HTTP/1.1
Content-Type: text/plain
User-Agent: PostmanRuntime/7.39.0
Accept: */*
Postman-Token: 573d71ac-6ec8-476d-b7af-8fcdeda9b916
Host: localhost:8000
Accept-Encoding: gzip, deflate, br
Connection: keep-alive
Content-Length: 67

{
    "key": "value",
    "key1": "value1",
    "key2": "value2"
}

|---END_OF_LOG---|
GET /some_endpoint?x=5 HTTP/1.1
Content-Type: text/plain
User-Agent: PostmanRuntime/7.39.0
Accept: */*
Postman-Token: 0afdae47-8845-4411-b4fe-388cb142e8ca
Host: localhost:8000
Accept-Encoding: gzip, deflate, br
Connection: keep-alive
Content-Length: 67

{
    "key": "value",
    "key1": "value1",
    "key2": "value2"
}

|---END_OF_LOG---|
GET /some_endpoint?x=5 HTTP/1.1
Content-Type: text/plain
User-Agent: PostmanRuntime/7.39.0
Accept: */*
Postman-Token: 633e1b9e-1dfd-45e8-ae0f-02c1f487c3b6
Host: localhost:8000
Accept-Encoding: gzip, deflate, br
Connection: keep-alive
Content-Length: 67

{
    "key": "value",
    "key1": "value1",
    "key2": "value2"
}

|---END_OF_LOG---|
GET /some_endpoint?x=5 HTTP/1.1
Content-Type: text/plain
User-Agent: PostmanRuntime/7.39.0
Accept: */*
Postman-Token: ab95af52-556b-4207-9de4-98e08c6655d7
Host: localhost:8000
Accept-Encoding: gzip, deflate, br
Connection: keep-alive
Content-Length: 67

{
    "key": "value",
    "key1": "value1",
    "key2": "value2"
}

|---END_OF_LOG---|
GET /some_endpoint?x=5 HTTP/1.1
Content-Type: text/plain
User-Agent: PostmanRuntime/7.39.0
Accept: */*
Postman-Token: 2732cd3e-73a4-4ef0-bb4f-d6b4ff08851e
Host: localhost:8000
Accept-Encoding: gzip, deflate, br
Connection: keep-alive
Content-Length: 67

{
    "key": "value",
    "key1": "value1",
    "key2": "value2"
}

|---END_OF_LOG---|
GET /some_endpoint?x=5 HTTP/1.1
Content-Type: text/plain
User-Agent: PostmanRuntime/7.39.0
Accept: */*
Postman-Token: a6aaa843-2a00-47a2-921b-8c7950bfdcb0
Host: localhost:8000
Accept-Encoding: gzip, deflate, br
Connection: keep-alive
Content-Length: 67

{
    "key": "value",
    "key1": "value1",
    "key2": "value2"
}

|---END_OF_LOG---|
GET /some_endpoint?x=5 HTTP/1.1
Content-Type: text/plain
User-Agent: PostmanRuntime/7.39.0
Accept: */*
Postman-Token: 84dbfea5-457e-490a-95ff-54083d55fa87
Host: localhost:8000
Accept-Encoding: gzip, deflate, br
Connection: keep-alive
Content-Length: 67

{
    "key": "value",
    "key1": "value1",
    "key2": "value2"
}

|---END_OF_LOG---|
GET /some_endpoint?x=5 HTTP/1.1
Content-Type: text/plain
User-Agent: PostmanRuntime/7.39.0
Accept: */*
Postman-Token: 5d2cbb3e-b058-4e2e-93cb-124505817ab5
Host: localhost:8000
Accept-Encoding: gzip, deflate, br
Connection: keep-alive
Content-Length: 67

{
    "key": "value",
    "key1": "value1",
    "key2": "value2"
}

|---END_OF_LOG---|
GET /some_endpoint?x=5 HTTP/1.1
Content-Type: text/plain
User-Agent: PostmanRuntime/7.39.0
Accept: */*
Postman-Token: 75528628-618f-4732-9410-17867a7eee53
Host: localhost:8000
Accept-Encoding: gzip, deflate, br
Connection: keep-alive
Content-Length: 67

{
    "key": "value",
    "key1": "value1",
    "key2": "value2"
}

|---END_OF_LOG---|
GET /some_endpoint?x=5 HTTP/1.1
Content-Type: text/plain
User-Agent: PostmanRuntime/7.39.0
Accept: */*
Postman-Token: b1a1db52-4570-40ee-b809-5b17c03d98ba
Host: localhost:8000
Accept-Encoding: gzip, deflate, br
Connection: keep-alive
Content-Length: 67

{
    "key": "value",
    "key1": "value1",
    "key2": "value2"
}

|---END_OF_LOG---|
GET /some_endpoint?x=5 HTTP/1.1
Content-Type: text/plain
User-Agent: PostmanRuntime/7.39.0
Accept: */*
Postman-Token: e3c0fed6-309a-4954-b768-6c46a0d2f631
Host: localhost:8000
Accept-Encoding: gzip, deflate, br
Connection: keep-alive
Content-Length: 67

{
    "key": "value",
    "key1": "value1",
    "key2": "value2"
}

|---END_OF_LOG---|
GET /some_endpoint?x=5 HTTP/1.1
Content-Type: text/plain
User-Agent: PostmanRuntime/7.39.0
Accept: */*
Postman-Token: ec584f54-8d77-4d94-8ff3-58dc9366af72
Host: localhost:8000
Accept-Encoding: gzip, deflate, br
Connection: keep-alive
Content-Length: 67

{
    "key": "value",
    "key1": "value1",
    "key2": "value2"
}

|---END_OF_LOG---|
GET / HTTP/1.1
Host: localhost:8000
User-Agent: curl/8.5.0
Accept: */*


|---END_OF_LOG---|
GET / HTTP/1.1
Host: localhost:8000
User-Agent: curl/8.5.0
Accept: */*


|---END_OF_LOG---|
GET / HTTP/1.1
Host: localhost:8000
User-Agent: curl/8.5.0
Accept: */*


|---END_OF_LOG---|
GET / HTTP/1.1
Host: localhost:8000
User-Agent: curl/8.5.0
Accept: */*


|---END_OF_LOG---|
GET / HTTP/1.1
Host: localhost:8000
User-Agent: curl/8.5.0
Accept: */*


|---END_OF_LOG---|
GET / HTTP/1.1
Host: localhost:8000
User-Agent: curl/8.5.0
Accept: */*


|---END_OF_LOG---|
GET / HTTP/1.1
Host: localhost:8000
User-Agent: curl/8.5.0
Accept: */*


|---END_OF_LOG---|
GET /some_endpoint?x=5 HTTP/1.1
Content-Type: text/plain
User-Agent: PostmanRuntime/7.39.0
Accept: */*
Postman-Token: 0f37334b-6ddf-4893-8d61-c9de3f516ce6
Host: localhost:8000
Accept-Encoding: gzip, deflate, br
Connection: keep-alive
Content-Length: 67

{
    "key": "value",
    "key1": "value1",
    "key2": "value2"
}

|---END_OF_LOG---|
GET /some_endpoint?x=5 HTTP/1.1
Content-Type: text/plain
User-Agent: PostmanRuntime/7.39.0
Accept: */*
Postman-Token: a6974c4f-44c0-4088-999f-8779e824f5f1
Host: localhost:8000
Accept-Encoding: gzip, deflate, br
Connection: keep-alive
Content-Length: 67

{
    "key": "value",
    "key1": "value1",
    "key2": "value2"
}

|---END_OF_LOG---|
GET /some_endpoint?x=5 HTTP/1.1
Content-Type: text/plain
User-Agent: PostmanRuntime/7.39.0
Accept: */*
Postman-Token: 66be6e06-5831-4aab-9e95-15ef78c670e7
Host: localhost:8000
Accept-Encoding: gzip, deflate, br
Connection: keep-alive
Content-Length: 67

{
    "key": "value",
    "key1": "value1",
    "key2": "value2"
}

|---END_OF_LOG---|
GET /some_endpoint?x=5 HTTP/1.1
Content-Type: text/plain
User-Agent: PostmanRuntime/7.39.0
Accept: */*
Postman-Token: 84e4cc5a-0391-4fa6-ab73-d8be57933bca
Host: localhost:8000
Accept-Encoding: gzip, deflate, br
Connection: keep-alive
Content-Length: 67

{
    "key": "value",
    "key1": "value1",
    "key2": "value2"
}

|---END_OF_LOG---|
GET /some_endpoint?x=5 HTTP/1.1
Content-Type: text/plain
User-Agent: PostmanRuntime/7.39.0
Accept: */*
Postman-Token: 2884a0b6-98a6-4bbb-82a1-fe359ea997f1
Host: localhost:8000
Accept-Encoding: gzip, deflate, br
Connection: keep-alive
Content-Length: 67

{
    "key": "value",
    "key1": "value1",
    "key2": "value2"
}

|---END_OF_LOG---|
GET /some_endpoint?x=5 HTTP/1.1
Content-Type: text/plain
User-Agent: PostmanRuntime/7.39.0
Accept: */*
Postman-Token: c9255834-a3f1-4e35-bb75-b1e4ea1e3085
Host: localhost:8000
Accept-Encoding: gzip, deflate, br
Connection: keep-alive
Content-Length: 67

{
    "key": "value",
    "key1": "value1",
    "key2": "value2"
}

|---END_OF_LOG---|
GET /some_endpoint?x=5 HTTP/1.1
Content-Type: text/plain
User-Agent: PostmanRuntime/7.39.0
Accept: */*
Postman-Token: 1be1a371-1bd4-46ff-8e87-9c1708789c11
Host: localhost:8000
Accept-Encoding: gzip, deflate, br
Connection: keep-alive
Content-Length: 67

{
    "key": "value",
    "key1": "value1",
    "key2": "value2"
}

|---END_OF_LOG---|
GET /some_endpoint?x=5 HTTP/1.1
Content-Type: text/plain
User-Agent: PostmanRuntime/7.39.0
Accept: */*
Postman-Token: 89a34e95-8a9e-41b2-a826-4833e9fab35b
Host: localhost:8000
Accept-Encoding: gzip, deflate, br
Connection: keep-alive
Content-Length: 67

{
    "key": "value",
    "key1": "value1",
    "key2": "value2"
}

|---END_OF_LOG---|
GET /some_endpoint?x=5 HTTP/1.1
Content-Type: text/plain
User-Agent: PostmanRuntime/7.39.0
Accept: */*
Postman-Token: 45271921-d27c-439a-aa0d-e18aa818df5f
Host: localhost:8000
Accept-Encoding: gzip, deflate, br
Connection: keep-alive
Content-Length: 67

{
    "key": "value",
    "key1": "value1",
    "key2": "value2"
}

|---END_OF_LOG---|
GET /some_endpoint?x=5 HTTP/1.1
Content-Type: text/plain
User-Agent: PostmanRuntime/7.39.0
Accept: */*
Postman-Token: afdee9a9-fa12-4c91-9125-a2b84661df14
Host: localhost:8000
Accept-Encoding: gzip, deflate, br
Connection: keep-alive
Content-Length: 67

{
    "key": "value",
    "key1": "value1",
    "key2": "value2"
}

|---END_OF_LOG---|
GET /some_endpoint?x=5 HTTP/1.1
Content-Type: text/plain
User-Agent: PostmanRuntime/7.39.0
Accept: */*
Postman-Token: e02c3ec7-bbf3-4259-8d5a-8f5a40165634
Host: localhost:8000
Accept-Encoding: gzip, deflate, br
Connection: keep-alive
Content-Length: 67

{
    "key": "value",
    "key1": "value1",
    "key2": "value2"
}

|---END_OF_LOG---|
GET /some_endpoint?x=5 HTTP/1.1
Content-Type: text/plain
User-Agent: PostmanRuntime/7.39.0
Accept: */*
Postman-Token: 2aecdb6b-854b-4771-a894-1eb03ced8f5a
Host: localhost:8000
Accept-Encoding: gzip, deflate, br
Connection: keep-alive
Content-Length: 67

{
    "key": "value",
    "key1": "value1",
    "key2": "value2"
}

|---END_OF_LOG---|
GET /some_endpoint?x=5 HTTP/1.1
Content-Type: text/plain
User-Agent: PostmanRuntime/7.39.0
Accept: */*
Postman-Token: ad9fb345-8d7b-4d1e-be3f-bb11e3eca836
Host: localhost:8000
Accept-Encoding: gzip, deflate, br
Connection: keep-alive
Content-Length: 67

{
    "key": "value",
    "key1": "value1",
    "key2": "value2"
}

|---END_OF_LOG---|
GET /some_endpoint?x=5 HTTP/1.1
Content-Type: text/plain
User-Agent: PostmanRuntime/7.39.0
Accept: */*
Postman-Token: f7e96209-0daa-41bb-aaf2-378c45df3294
Host: localhost:8000
Accept-Encoding: gzip, deflate, br
Connection: keep-alive
Content-Length: 67

{
    "key": "value",
    "key1": "value1",
    "key2": "value2"
}

|---END_OF_LOG---|
GET /some_endpoint?x=5 HTTP/1.1
Content-Type: text/plain
User-Agent: PostmanRuntime/7.39.0
Accept: */*
Postman-Token: b0d761c8-01f9-483b-a30c-b1aab2d78fde
Host: localhost:8000
Accept-Encoding: gzip, deflate, br
Connection: keep-alive
Content-Length: 67

{
    "key": "value",
    "key1": "value1",
    "key2": "value2"
}

|---END_OF_LOG---|
GET /some_endpoint?x=5 HTTP/1.1
Content-Type: text/plain
User-Agent: PostmanRuntime/7.39.0
Accept: */*
Postman-Token: 93df62ff-3a53-40b0-b01f-a617560b1daa
Host: localhost:8000
Accept-Encoding: gzip, deflate, br
Connection: keep-alive
Content-Length: 67

{
    "key": "value",
    "key1": "value1",
    "key2": "value2"
}

|---END_OF_LOG---|
GET /some_endpoint?x=5 HTTP/1.1
Content-Type: text/plain
User-Agent: PostmanRuntime/7.39.0
Accept: */*
Postman-Token: be6ec082-21a0-4d7b-a979-73d03fd25f81
Host: localhost:8000
Accept-Encoding: gzip, deflate, br
Connection: keep-alive
Content-Length: 67

{
    "key": "value",
    "key1": "value1",
    "key2": "value2"
}

|---END_OF_LOG---|
GET /some_endpoint?x=5 HTTP/1.1
Content-Type: text/plain
User-Agent: PostmanRuntime/7.39.0
Accept: */*
Postman-Token: 216f6b29-2410-4f2f-b3d4-6d5297b9db61
Host: localhost:8000
Accept-Encoding: gzip, deflate, br
Connection: keep-alive
Content-Length: 67

{
    "key": "value",
    "key1": "value1",
    "key2": "value2"
}

|---END_OF_LOG---|
GET /some_endpoint?x=5 HTTP/1.1
Content-Type: text/plain
User-Agent: PostmanRuntime/7.39.0
Accept: */*
Postman-Token: b96570bd-1b4e-4d85-9e1f-0a915c88af9c
Host: localhost:8000
Accept-Encoding: gzip, deflate, br
Connection: keep-alive
Content-Length: 67

{
    "key": "value",
    "key1": "value1",
    "key2": "value2"
}

|---END_OF_LOG---|
GET /some_endpoint?x=5 HTTP/1.1
Content-Type: text/plain
User-Agent: PostmanRuntime/7.39.0
Accept: */*
Postman-Token: caef7040-2caa-4aa5-8fb8-9779b08f61a8
Host: localhost:8000
Accept-Encoding: gzip, deflate, br
Connection: keep-alive
Content-Length: 67

{
    "key": "value",
    "key1": "value1",
    "key2": "value2"
}

|---END_OF_LOG---|
GET /some_endpoint?x=5 HTTP/1.1
Content-Type: text/plain
User-Agent: PostmanRuntime/7.39.0
Accept: */*
Postman-Token: e2bdefd1-cad5-49ac-bf87-46a309d78f30
Host: localhost:8000
Accept-Encoding: gzip, deflate, br
Connection: keep-alive
Content-Length: 67

{
    "key": "value",
    "key1": "value1",
    "key2": "value2"
}

|---END_OF_LOG---|
GET /some_endpoint?x=5 HTTP/1.1
Content-Type: text/plain
User-Agent: PostmanRuntime/7.39.0
Accept: */*
Postman-Token: 333fdbb1-4149-42fe-beea-5f40e89fc683
Host: localhost:8000
Accept-Encoding: gzip, deflate, br
Connection: keep-alive
Content-Length: 67

{
    "key": "value",
    "key1": "value1",
    "key2": "value2"
}

|---END_OF_LOG---|
GET /some_endpoint?x=5 HTTP/1.1
Content-Type: text/plain
User-Agent: PostmanRuntime/7.39.0
Accept: */*
Postman-Token: e07ab772-f752-4816-b8d5-de8dd11ceaa1
Host: localhost:8000
Accept-Encoding: gzip, deflate, br
Connection: keep-alive
Content-Length: 67

{
    "key": "value",
    "key1": "value1",
    "key2": "value2"
}

|---END_OF_LOG---|
GET /some_endpoint?x=5 HTTP/1.1
Content-Type: text/plain
User-Agent: PostmanRuntime/7.39.0
Accept: */*
Postman-Token: 99a54914-d10d-4857-8057-8d439f36f308
Host: localhost:8000
Accept-Encoding: gzip, deflate, br
Connection: keep-alive
Content-Length: 67

{
    "key": "value",
    "key1": "value1",
    "key2": "value2"
}

|---END_OF_LOG---|
GET /some_endpoint?x=5 HTTP/1.1
Content-Type: text/plain
User-Agent: PostmanRuntime/7.39.0
Accept: */*
Postman-Token: d74cc798-5c0d-402b-8615-138ce42b2474
Host: localhost:8000
Accept-Encoding: gzip, deflate, br
Connection: keep-alive
Content-Length: 67

{
    "key": "value",
    "key1": "value1",
    "key2": "value2"
}

|---END_OF_LOG---|
GET /some_endpoint?x=5 HTTP/1.1
Content-Type: text/plain
User-Agent: PostmanRuntime/7.39.0
Accept: */*
Postman-Token: ca8aeb8a-9829-44e1-aa46-dc689e94dd56
Host: localhost:8000
Accept-Encoding: gzip, deflate, br
Connection: keep-alive
Content-Length: 67

{
    "key": "value",
    "key1": "value1",
    "key2": "value2"
}

|---END_OF_LOG---|
GET /some_endpoint?x=5 HTTP/1.1
Content-Type: text/plain
User-Agent: PostmanRuntime/7.39.0
Accept: */*
Postman-Token: 68761776-8ab9-4c71-ad0c-8dfe48cceff4
Host: localhost:8000
Accept-Encoding: gzip, deflate, br
Connection: keep-alive
Content-Length: 67

{
    "key": "value",
    "key1": "value1",
    "key2": "value2"
}

|---END_OF_LOG---|
GET /some_endpoint?x=5 HTTP/1.1
Content-Type: text/plain
User-Agent: PostmanRuntime/7.39.0
Accept: */*
Postman-Token: bcfcee6c-29a0-4fb4-93c7-b184b51fcbee
Host: localhost:8000
Accept-Encoding: gzip, deflate, br
Connection: keep-alive
Content-Length: 67

{
    "key": "value",
    "key1": "value1",
    "key2": "value2"
}

|---END_OF_LOG---|
GET /some_endpoint?x=5 HTTP/1.1
Content-Type: text/plain
User-Agent: PostmanRuntime/7.39.0
Accept: */*
Postman-Token: c62b14e5-e422-40f7-bd6d-160894b736e9
Host: localhost:8000
Accept-Encoding: gzip, deflate, br
Connection: keep-alive
Content-Length: 67

{
    "key": "value",
    "key1": "value1",
    "key2": "value2"
}

|---END_OF_LOG---|
GET /some_endpoint?x=5 HTTP/1.1
Content-Type: text/plain
User-Agent: PostmanRuntime/7.39.0
Accept: */*
Postman-Token: 6584bba1-7f4c-46e8-ba11-10e693948dd4
Host: localhost:8000
Accept-Encoding: gzip, deflate, br
Connection: keep-alive
Content-Length: 67

{
    "key": "value",
    "key1": "value1",
    "key2": "value2"
}

|---END_OF_LOG---|
GET /some_endpoint?x=5 HTTP/1.1
Content-Type: text/plain
User-Agent: PostmanRuntime/7.39.0
Accept: */*
Postman-Token: 6e862930-ca89-48be-b2bd-4736d125b63b
Host: localhost:8000
Accept-Encoding: gzip, deflate, br
Connection: keep-alive
Content-Length: 67

{
    "key": "value",
    "key1": "value1",
    "key2": "value2"
}

|---END_OF_LOG---|
GET /some_endpoint?x=5 HTTP/1.1
Content-Type: text/plain
User-Agent: PostmanRuntime/7.39.0
Accept: */*
Postman-Token: 47d12a42-4da6-4f64-9c34-bb77daa0015b
Host: localhost:8000
Accept-Encoding: gzip, deflate, br
Connection: keep-alive
Content-Length: 67

{
    "key": "value",
    "key1": "value1",
    "key2": "value2"
}

|---END_OF_LOG---|
GET /some_endpoint?x=5 HTTP/1.1
Content-Type: text/plain
User-Agent: PostmanRuntime/7.39.0
Accept: */*
Postman-Token: 4a00a5f2-93ce-4098-95bf-be60a2f596b4
Host: localhost:8000
Accept-Encoding: gzip, deflate, br
Connection: keep-alive
Content-Length: 67

{
    "key": "value",
    "key1": "value1",
    "key2": "value2"
}

|---END_OF_LOG---|
GET / HTTP/1.1
Host: localhost:8000
User-Agent: curl/8.5.0
Accept: */*


|---END_OF_LOG---|
GET / HTTP/1.1
Host: localhost:8000
User-Agent: curl/8.5.0
Accept: */*


|---END_OF_LOG---|
GET / HTTP/1.1
Host: localhost:8000
User-Agent: curl/8.5.0
Accept: */*


|---END_OF_LOG---|
GET / HTTP/1.1
Host: localhost:8000
User-Agent: curl/8.5.0
Accept: */*


|---END_OF_LOG---|
GET / HTTP/1.1
Host: localhost:8000
User-Agent: curl/8.5.0
Accept: */*


|---END_OF_LOG---|
GET / HTTP/1.1
Host: localhost:8000
User-Agent: curl/8.5.0
Accept: */*


|---END_OF_LOG---|
GET / HTTP/1.1
Host: localhost:8000
User-Agent: curl/8.5.0
Accept: */*


|---END_OF_LOG---|
GET /some_endpoint?x=5 HTTP/1.1
Content-Type: text/plain
User-Agent: PostmanRuntime/7.39.0
Accept: */*
Postman-Token: b41480e5-0e9b-4274-8aae-4565b649ca89
Host: localhost:8000
Accept-Encoding: gzip, deflate, br
Connection: keep-alive
Content-Length: 67

{
    "key": "value",
    "key1": "value1",
    "key2": "value2"
}

|---END_OF_LOG---|
GET /some_endpoint?x=5 HTTP/1.1
Content-Type: text/plain
User-Agent: PostmanRuntime/7.39.0
Accept: */*
Postman-Token: e3aff860-6bef-458c-9fc0-50828c9d9087
Host: localhost:8000
Accept-Encoding: gzip, deflate, br
Connection: keep-alive
Content-Length: 67

{
    "key": "value",
    "key1": "value1",
    "key2": "value2"
}

|---END_OF_LOG---|
GET /some_endpoint?x=5 HTTP/1.1
Content-Type: text/plain
User-Agent: PostmanRuntime/7.39.0
Accept: */*
Postman-Token: 7e20f630-827d-4c42-8e2e-d9a11669f9b6
Host: localhost:8000
Accept-Encoding: gzip, deflate, br
Connection: keep-alive
Content-Length: 67

{
    "key": "value",
    "key1": "value1",
    "key2": "value2"
}

|---END_OF_LOG---|
GET /some_endpoint?x=5 HTTP/1.1
Content-Type: text/plain
User-Agent: PostmanRuntime/7.39.0
Accept: */*
Postman-Token: 05952b16-8f5e-4db6-a8ae-0d38c46a05cc
Host: localhost:8000
Accept-Encoding: gzip, deflate, br
Connection: keep-alive
Content-Length: 67

{
    "key": "value",
    "key1": "value1",
    "key2": "value2"
}

|---END_OF_LOG---|
